<?xml version="1.0" encoding="UTF-8"?>
<!-- Generated by org.testng.reporters.JUnitReportReporter -->
<testsuite hostname="Admin" failures="0" tests="1" name="com.ACTITIME.Generic.BaseClass" time="26.781" errors="0" timestamp="2022-11-30T13:08:53 IST" skipped="0">
  <testcase classname="com.ACTITIME.Generic.BaseClass" name="CreateCustomer" time="26.781"/>
  <system-out>
    <![CDATA[customer created]]>
  </system-out>
</testsuite> <!-- com.ACTITIME.Generic.BaseClass -->
